[2023-11-05 03:23:29] [INFO] Setup Core Btn
[2023-11-05 03:23:29] [INFO] Setup Core Side Btn
[2023-11-05 03:23:34] [INFO] Ticker Symbol Loading
[2023-11-05 03:23:34] [INFO] Set Symbol Name: AAPL
[2023-11-05 03:23:34] [INFO] Add Search History :AAPL
[2023-11-05 03:23:36] [INFO] Get Symbol Name: AAPL
[2023-11-05 03:23:36] [INFO] Stock History Loading
[2023-11-05 03:23:36] [INFO] Get Symbol Name: AAPL
[2023-11-05 03:23:42] [INFO] Get Symbol Name: AAPL
[2023-11-05 03:23:42] [INFO] Return History Setting. 
[2023-11-05 03:23:42] [INFO] YF.History Loading
[2023-11-05 03:23:42] [INFO] Set Symbol History:                                  Open        High         Low       Close     Volume  Dividends  Stock Splits
Date                                                                                                         
2023-09-06 00:00:00-04:00  188.399994  188.850006  181.470001  182.910004   81755800        0.0           0.0
2023-09-07 00:00:00-04:00  175.179993  178.210007  173.539993  177.559998  112488800        0.0           0.0
2023-09-08 00:00:00-04:00  178.350006  180.240005  177.789993  178.179993   65551300        0.0           0.0
2023-09-11 00:00:00-04:00  180.070007  180.300003  177.339996  179.360001   58953100        0.0           0.0
2023-09-12 00:00:00-04:00  179.490005  180.130005  174.820007  176.300003   90370200        0.0           0.0
2023-09-13 00:00:00-04:00  176.509995  177.300003  173.979996  174.210007   84267900        0.0           0.0
2023-09-14 00:00:00-04:00  174.000000  176.100006  173.580002  175.740005   60895800        0.0           0.0
2023-09-15 00:00:00-04:00  176.479996  176.500000  173.820007  175.009995  109205100        0.0           0.0
2023-09-18 00:00:00-04:00  176.479996  179.380005  176.169998  177.970001   67257600        0.0           0.0
2023-09-19 00:00:00-04:00  177.520004  179.630005  177.130005  179.070007   51826900        0.0           0.0
2023-09-20 00:00:00-04:00  179.259995  179.699997  175.399994  175.490005   58436200        0.0           0.0
2023-09-21 00:00:00-04:00  174.550003  176.300003  173.860001  173.929993   63047900        0.0           0.0
2023-09-22 00:00:00-04:00  174.669998  177.080002  174.050003  174.789993   56725400        0.0           0.0
2023-09-25 00:00:00-04:00  174.199997  176.970001  174.149994  176.080002   46172700        0.0           0.0
2023-09-26 00:00:00-04:00  174.820007  175.199997  171.660004  171.960007   64588900        0.0           0.0
2023-09-27 00:00:00-04:00  172.619995  173.039993  169.050003  170.429993   66921800        0.0           0.0
2023-09-28 00:00:00-04:00  169.339996  172.029999  167.619995  170.690002   56294400        0.0           0.0
2023-09-29 00:00:00-04:00  172.020004  173.070007  170.339996  171.210007   51814200        0.0           0.0
2023-10-02 00:00:00-04:00  171.220001  174.300003  170.929993  173.750000   52164500        0.0           0.0
2023-10-03 00:00:00-04:00  172.259995  173.630005  170.820007  172.399994   49594600        0.0           0.0
2023-10-04 00:00:00-04:00  171.089996  174.210007  170.970001  173.660004   53020300        0.0           0.0
2023-10-05 00:00:00-04:00  173.789993  175.449997  172.679993  174.910004   48527900        0.0           0.0
2023-10-06 00:00:00-04:00  173.800003  177.990005  173.179993  177.490005   57224100        0.0           0.0
2023-10-09 00:00:00-04:00  176.809998  179.050003  175.800003  178.990005   42390800        0.0           0.0
2023-10-10 00:00:00-04:00  178.100006  179.720001  177.949997  178.389999   43698000        0.0           0.0
2023-10-11 00:00:00-04:00  178.199997  179.850006  177.600006  179.800003   47551100        0.0           0.0
2023-10-12 00:00:00-04:00  180.070007  182.339996  179.039993  180.710007   56743100        0.0           0.0
2023-10-13 00:00:00-04:00  181.419998  181.929993  178.139999  178.850006   51427100        0.0           0.0
2023-10-16 00:00:00-04:00  176.750000  179.080002  176.509995  178.720001   52517000        0.0           0.0
2023-10-17 00:00:00-04:00  176.649994  178.419998  174.800003  177.149994   57549400        0.0           0.0
2023-10-18 00:00:00-04:00  175.580002  177.580002  175.110001  175.839996   54764400        0.0           0.0
2023-10-19 00:00:00-04:00  176.039993  177.839996  175.190002  175.460007   59302900        0.0           0.0
2023-10-20 00:00:00-04:00  175.309998  175.419998  172.639999  172.880005   64189300        0.0           0.0
2023-10-23 00:00:00-04:00  170.910004  174.009995  169.929993  173.000000   55980100        0.0           0.0
2023-10-24 00:00:00-04:00  173.050003  173.669998  171.449997  173.440002   43816600        0.0           0.0
2023-10-25 00:00:00-04:00  171.880005  173.059998  170.649994  171.100006   57157000        0.0           0.0
2023-10-26 00:00:00-04:00  170.369995  171.380005  165.669998  166.889999   70625300        0.0           0.0
2023-10-27 00:00:00-04:00  166.910004  168.960007  166.830002  168.220001   58499100        0.0           0.0
2023-10-30 00:00:00-04:00  169.020004  171.169998  168.869995  170.289993   51131000        0.0           0.0
2023-10-31 00:00:00-04:00  169.350006  170.899994  167.899994  170.770004   44846000        0.0           0.0
2023-11-01 00:00:00-04:00  171.000000  174.229996  170.119995  173.970001   56934900        0.0           0.0
2023-11-02 00:00:00-04:00  175.520004  177.779999  175.460007  177.570007   77334800        0.0           0.0
2023-11-03 00:00:00-04:00  174.240005  176.820007  173.350006  176.649994   79763700        0.0           0.0
[2023-11-05 03:23:42] [INFO] Get Symbol History:                                  Open        High         Low       Close     Volume  Dividends  Stock Splits
Date                                                                                                         
2023-09-06 00:00:00-04:00  188.399994  188.850006  181.470001  182.910004   81755800        0.0           0.0
2023-09-07 00:00:00-04:00  175.179993  178.210007  173.539993  177.559998  112488800        0.0           0.0
2023-09-08 00:00:00-04:00  178.350006  180.240005  177.789993  178.179993   65551300        0.0           0.0
2023-09-11 00:00:00-04:00  180.070007  180.300003  177.339996  179.360001   58953100        0.0           0.0
2023-09-12 00:00:00-04:00  179.490005  180.130005  174.820007  176.300003   90370200        0.0           0.0
2023-09-13 00:00:00-04:00  176.509995  177.300003  173.979996  174.210007   84267900        0.0           0.0
2023-09-14 00:00:00-04:00  174.000000  176.100006  173.580002  175.740005   60895800        0.0           0.0
2023-09-15 00:00:00-04:00  176.479996  176.500000  173.820007  175.009995  109205100        0.0           0.0
2023-09-18 00:00:00-04:00  176.479996  179.380005  176.169998  177.970001   67257600        0.0           0.0
2023-09-19 00:00:00-04:00  177.520004  179.630005  177.130005  179.070007   51826900        0.0           0.0
2023-09-20 00:00:00-04:00  179.259995  179.699997  175.399994  175.490005   58436200        0.0           0.0
2023-09-21 00:00:00-04:00  174.550003  176.300003  173.860001  173.929993   63047900        0.0           0.0
2023-09-22 00:00:00-04:00  174.669998  177.080002  174.050003  174.789993   56725400        0.0           0.0
2023-09-25 00:00:00-04:00  174.199997  176.970001  174.149994  176.080002   46172700        0.0           0.0
2023-09-26 00:00:00-04:00  174.820007  175.199997  171.660004  171.960007   64588900        0.0           0.0
2023-09-27 00:00:00-04:00  172.619995  173.039993  169.050003  170.429993   66921800        0.0           0.0
2023-09-28 00:00:00-04:00  169.339996  172.029999  167.619995  170.690002   56294400        0.0           0.0
2023-09-29 00:00:00-04:00  172.020004  173.070007  170.339996  171.210007   51814200        0.0           0.0
2023-10-02 00:00:00-04:00  171.220001  174.300003  170.929993  173.750000   52164500        0.0           0.0
2023-10-03 00:00:00-04:00  172.259995  173.630005  170.820007  172.399994   49594600        0.0           0.0
2023-10-04 00:00:00-04:00  171.089996  174.210007  170.970001  173.660004   53020300        0.0           0.0
2023-10-05 00:00:00-04:00  173.789993  175.449997  172.679993  174.910004   48527900        0.0           0.0
2023-10-06 00:00:00-04:00  173.800003  177.990005  173.179993  177.490005   57224100        0.0           0.0
2023-10-09 00:00:00-04:00  176.809998  179.050003  175.800003  178.990005   42390800        0.0           0.0
2023-10-10 00:00:00-04:00  178.100006  179.720001  177.949997  178.389999   43698000        0.0           0.0
2023-10-11 00:00:00-04:00  178.199997  179.850006  177.600006  179.800003   47551100        0.0           0.0
2023-10-12 00:00:00-04:00  180.070007  182.339996  179.039993  180.710007   56743100        0.0           0.0
2023-10-13 00:00:00-04:00  181.419998  181.929993  178.139999  178.850006   51427100        0.0           0.0
2023-10-16 00:00:00-04:00  176.750000  179.080002  176.509995  178.720001   52517000        0.0           0.0
2023-10-17 00:00:00-04:00  176.649994  178.419998  174.800003  177.149994   57549400        0.0           0.0
2023-10-18 00:00:00-04:00  175.580002  177.580002  175.110001  175.839996   54764400        0.0           0.0
2023-10-19 00:00:00-04:00  176.039993  177.839996  175.190002  175.460007   59302900        0.0           0.0
2023-10-20 00:00:00-04:00  175.309998  175.419998  172.639999  172.880005   64189300        0.0           0.0
2023-10-23 00:00:00-04:00  170.910004  174.009995  169.929993  173.000000   55980100        0.0           0.0
2023-10-24 00:00:00-04:00  173.050003  173.669998  171.449997  173.440002   43816600        0.0           0.0
2023-10-25 00:00:00-04:00  171.880005  173.059998  170.649994  171.100006   57157000        0.0           0.0
2023-10-26 00:00:00-04:00  170.369995  171.380005  165.669998  166.889999   70625300        0.0           0.0
2023-10-27 00:00:00-04:00  166.910004  168.960007  166.830002  168.220001   58499100        0.0           0.0
2023-10-30 00:00:00-04:00  169.020004  171.169998  168.869995  170.289993   51131000        0.0           0.0
2023-10-31 00:00:00-04:00  169.350006  170.899994  167.899994  170.770004   44846000        0.0           0.0
2023-11-01 00:00:00-04:00  171.000000  174.229996  170.119995  173.970001   56934900        0.0           0.0
2023-11-02 00:00:00-04:00  175.520004  177.779999  175.460007  177.570007   77334800        0.0           0.0
2023-11-03 00:00:00-04:00  174.240005  176.820007  173.350006  176.649994   79763700        0.0           0.0
[2023-11-05 03:23:42] [INFO] Return History Table View Model Header. 
[2023-11-05 03:23:42] [INFO] Return History Table View Model. 
[2023-11-05 03:24:11] [INFO] Get Symbol Name: AAPL
[2023-11-05 03:24:11] [INFO] Return History Setting. 
[2023-11-05 03:24:11] [INFO] YF.History Loading
[2023-11-05 03:24:12] [INFO] Set Symbol History:                                  Open        High         Low       Close    Volume  Dividends  Stock Splits
Date                                                                                                        
2023-07-10 00:00:00-04:00  189.004769  189.733796  186.787762  188.355652  59922200        0.0           0.0
2023-07-11 00:00:00-04:00  188.904916  189.044726  186.348370  187.826370  46638100        0.0           0.0
2023-07-12 00:00:00-04:00  189.424194  191.441474  188.215834  189.514084  60750200        0.0           0.0
2023-07-13 00:00:00-04:00  190.243096  190.932168  189.524066  190.283035  41342300        0.0           0.0
2023-07-14 00:00:00-04:00  189.973460  190.922176  189.374278  190.432846  41573900        0.0           0.0
...                               ...         ...         ...         ...       ...        ...           ...
2023-10-30 00:00:00-04:00  169.020004  171.169998  168.869995  170.289993  51131000        0.0           0.0
2023-10-31 00:00:00-04:00  169.350006  170.899994  167.899994  170.770004  44846000        0.0           0.0
2023-11-01 00:00:00-04:00  171.000000  174.229996  170.119995  173.970001  56934900        0.0           0.0
2023-11-02 00:00:00-04:00  175.520004  177.779999  175.460007  177.570007  77334800        0.0           0.0
2023-11-03 00:00:00-04:00  174.240005  176.820007  173.350006  176.649994  79763700        0.0           0.0

[84 rows x 7 columns]
[2023-11-05 03:24:12] [INFO] Get Symbol History:                                  Open        High         Low       Close    Volume  Dividends  Stock Splits
Date                                                                                                        
2023-07-10 00:00:00-04:00  189.004769  189.733796  186.787762  188.355652  59922200        0.0           0.0
2023-07-11 00:00:00-04:00  188.904916  189.044726  186.348370  187.826370  46638100        0.0           0.0
2023-07-12 00:00:00-04:00  189.424194  191.441474  188.215834  189.514084  60750200        0.0           0.0
2023-07-13 00:00:00-04:00  190.243096  190.932168  189.524066  190.283035  41342300        0.0           0.0
2023-07-14 00:00:00-04:00  189.973460  190.922176  189.374278  190.432846  41573900        0.0           0.0
...                               ...         ...         ...         ...       ...        ...           ...
2023-10-30 00:00:00-04:00  169.020004  171.169998  168.869995  170.289993  51131000        0.0           0.0
2023-10-31 00:00:00-04:00  169.350006  170.899994  167.899994  170.770004  44846000        0.0           0.0
2023-11-01 00:00:00-04:00  171.000000  174.229996  170.119995  173.970001  56934900        0.0           0.0
2023-11-02 00:00:00-04:00  175.520004  177.779999  175.460007  177.570007  77334800        0.0           0.0
2023-11-03 00:00:00-04:00  174.240005  176.820007  173.350006  176.649994  79763700        0.0           0.0

[84 rows x 7 columns]
[2023-11-05 03:24:12] [INFO] Return History Table View Model Header. 
[2023-11-05 03:24:12] [INFO] Return History Table View Model. 
[2023-11-05 03:24:24] [INFO] Get Symbol Name: AAPL
[2023-11-05 03:24:24] [INFO] Return History Setting. 
[2023-11-05 03:24:24] [INFO] YF.History Loading
[2023-11-05 03:24:25] [INFO] Set Symbol History:                                  Open        High         Low       Close    Volume  Dividends  Stock Splits
Date                                                                                                        
2022-10-06 00:00:00-04:00  144.950106  146.669899  144.363589  144.572342  68402200        0.0           0.0
2022-10-07 00:00:00-04:00  141.699388  142.256098  138.627615  139.263840  85925600        0.0           0.0
2022-10-10 00:00:00-04:00  139.591888  141.053220  137.752808  139.591888  74899000        0.0           0.0
2022-10-11 00:00:00-04:00  139.074942  140.516403  137.404857  138.160370  77033700        0.0           0.0
2022-10-12 00:00:00-04:00  138.309504  139.532246  137.345223  137.524155  70433700        0.0           0.0
...                               ...         ...         ...         ...       ...        ...           ...
2023-10-30 00:00:00-04:00  169.020004  171.169998  168.869995  170.289993  51131000        0.0           0.0
2023-10-31 00:00:00-04:00  169.350006  170.899994  167.899994  170.770004  44846000        0.0           0.0
2023-11-01 00:00:00-04:00  171.000000  174.229996  170.119995  173.970001  56934900        0.0           0.0
2023-11-02 00:00:00-04:00  175.520004  177.779999  175.460007  177.570007  77334800        0.0           0.0
2023-11-03 00:00:00-04:00  174.240005  176.820007  173.350006  176.649994  79763700        0.0           0.0

[272 rows x 7 columns]
[2023-11-05 03:24:25] [INFO] Get Symbol History:                                  Open        High         Low       Close    Volume  Dividends  Stock Splits
Date                                                                                                        
2022-10-06 00:00:00-04:00  144.950106  146.669899  144.363589  144.572342  68402200        0.0           0.0
2022-10-07 00:00:00-04:00  141.699388  142.256098  138.627615  139.263840  85925600        0.0           0.0
2022-10-10 00:00:00-04:00  139.591888  141.053220  137.752808  139.591888  74899000        0.0           0.0
2022-10-11 00:00:00-04:00  139.074942  140.516403  137.404857  138.160370  77033700        0.0           0.0
2022-10-12 00:00:00-04:00  138.309504  139.532246  137.345223  137.524155  70433700        0.0           0.0
...                               ...         ...         ...         ...       ...        ...           ...
2023-10-30 00:00:00-04:00  169.020004  171.169998  168.869995  170.289993  51131000        0.0           0.0
2023-10-31 00:00:00-04:00  169.350006  170.899994  167.899994  170.770004  44846000        0.0           0.0
2023-11-01 00:00:00-04:00  171.000000  174.229996  170.119995  173.970001  56934900        0.0           0.0
2023-11-02 00:00:00-04:00  175.520004  177.779999  175.460007  177.570007  77334800        0.0           0.0
2023-11-03 00:00:00-04:00  174.240005  176.820007  173.350006  176.649994  79763700        0.0           0.0

[272 rows x 7 columns]
[2023-11-05 03:24:25] [INFO] Return History Table View Model Header. 
[2023-11-05 03:24:25] [INFO] Return History Table View Model. 
[2023-11-05 03:24:33] [INFO] Get Symbol Name: AAPL
[2023-11-05 03:24:33] [INFO] Return History Setting. 
[2023-11-05 03:24:33] [INFO] YF.History Loading
[2023-11-05 03:24:34] [INFO] Set Symbol History:                                  Open        High         Low       Close     Volume  Dividends  Stock Splits
Date                                                                                                         
2023-01-03 00:00:00-05:00  129.726531  130.343892  123.642488  124.538666  112117500        0.0           0.0
2023-01-04 00:00:00-05:00  126.350936  128.113421  124.548628  125.823189   89113600        0.0           0.0
2023-01-05 00:00:00-05:00  126.589913  127.227194  124.229986  124.488876   80962700        0.0           0.0
2023-01-06 00:00:00-05:00  125.474664  129.736472  124.359420  129.069321   87754700        0.0           0.0
2023-01-09 00:00:00-05:00  129.915709  132.843221  129.338171  129.597061   70790800        0.0           0.0
...                               ...         ...         ...         ...        ...        ...           ...
2023-10-30 00:00:00-04:00  169.020004  171.169998  168.869995  170.289993   51131000        0.0           0.0
2023-10-31 00:00:00-04:00  169.350006  170.899994  167.899994  170.770004   44846000        0.0           0.0
2023-11-01 00:00:00-04:00  171.000000  174.229996  170.119995  173.970001   56934900        0.0           0.0
2023-11-02 00:00:00-04:00  175.520004  177.779999  175.460007  177.570007   77334800        0.0           0.0
2023-11-03 00:00:00-04:00  174.240005  176.820007  173.350006  176.649994   79763700        0.0           0.0

[212 rows x 7 columns]
[2023-11-05 03:24:34] [INFO] Get Symbol History:                                  Open        High         Low       Close     Volume  Dividends  Stock Splits
Date                                                                                                         
2023-01-03 00:00:00-05:00  129.726531  130.343892  123.642488  124.538666  112117500        0.0           0.0
2023-01-04 00:00:00-05:00  126.350936  128.113421  124.548628  125.823189   89113600        0.0           0.0
2023-01-05 00:00:00-05:00  126.589913  127.227194  124.229986  124.488876   80962700        0.0           0.0
2023-01-06 00:00:00-05:00  125.474664  129.736472  124.359420  129.069321   87754700        0.0           0.0
2023-01-09 00:00:00-05:00  129.915709  132.843221  129.338171  129.597061   70790800        0.0           0.0
...                               ...         ...         ...         ...        ...        ...           ...
2023-10-30 00:00:00-04:00  169.020004  171.169998  168.869995  170.289993   51131000        0.0           0.0
2023-10-31 00:00:00-04:00  169.350006  170.899994  167.899994  170.770004   44846000        0.0           0.0
2023-11-01 00:00:00-04:00  171.000000  174.229996  170.119995  173.970001   56934900        0.0           0.0
2023-11-02 00:00:00-04:00  175.520004  177.779999  175.460007  177.570007   77334800        0.0           0.0
2023-11-03 00:00:00-04:00  174.240005  176.820007  173.350006  176.649994   79763700        0.0           0.0

[212 rows x 7 columns]
[2023-11-05 03:24:34] [INFO] Return History Table View Model Header. 
[2023-11-05 03:24:34] [INFO] Return History Table View Model. 
[2023-11-05 03:24:55] [INFO] Get Symbol Name: AAPL
[2023-11-05 03:24:55] [INFO] Return History Setting. 
[2023-11-05 03:24:55] [INFO] YF.History Loading
[2023-11-05 03:24:55] [INFO] Set Symbol History:                                  Open        High         Low       Close     Volume  Dividends  Stock Splits
Date                                                                                                         
1980-12-12 00:00:00-05:00    0.099450    0.099882    0.099450    0.099450  469033600        0.0           0.0
1980-12-15 00:00:00-05:00    0.094694    0.094694    0.094261    0.094261  175884800        0.0           0.0
1980-12-16 00:00:00-05:00    0.087775    0.087775    0.087343    0.087343  105728000        0.0           0.0
1980-12-17 00:00:00-05:00    0.089504    0.089937    0.089504    0.089504   86441600        0.0           0.0
1980-12-18 00:00:00-05:00    0.092099    0.092532    0.092099    0.092099   73449600        0.0           0.0
...                               ...         ...         ...         ...        ...        ...           ...
2023-10-30 00:00:00-04:00  169.020004  171.169998  168.869995  170.289993   51131000        0.0           0.0
2023-10-31 00:00:00-04:00  169.350006  170.899994  167.899994  170.770004   44846000        0.0           0.0
2023-11-01 00:00:00-04:00  171.000000  174.229996  170.119995  173.970001   56934900        0.0           0.0
2023-11-02 00:00:00-04:00  175.520004  177.779999  175.460007  177.570007   77334800        0.0           0.0
2023-11-03 00:00:00-04:00  174.240005  176.820007  173.350006  176.649994   79763700        0.0           0.0

[10815 rows x 7 columns]
[2023-11-05 03:24:55] [INFO] Get Symbol History:                                  Open        High         Low       Close     Volume  Dividends  Stock Splits
Date                                                                                                         
1980-12-12 00:00:00-05:00    0.099450    0.099882    0.099450    0.099450  469033600        0.0           0.0
1980-12-15 00:00:00-05:00    0.094694    0.094694    0.094261    0.094261  175884800        0.0           0.0
1980-12-16 00:00:00-05:00    0.087775    0.087775    0.087343    0.087343  105728000        0.0           0.0
1980-12-17 00:00:00-05:00    0.089504    0.089937    0.089504    0.089504   86441600        0.0           0.0
1980-12-18 00:00:00-05:00    0.092099    0.092532    0.092099    0.092099   73449600        0.0           0.0
...                               ...         ...         ...         ...        ...        ...           ...
2023-10-30 00:00:00-04:00  169.020004  171.169998  168.869995  170.289993   51131000        0.0           0.0
2023-10-31 00:00:00-04:00  169.350006  170.899994  167.899994  170.770004   44846000        0.0           0.0
2023-11-01 00:00:00-04:00  171.000000  174.229996  170.119995  173.970001   56934900        0.0           0.0
2023-11-02 00:00:00-04:00  175.520004  177.779999  175.460007  177.570007   77334800        0.0           0.0
2023-11-03 00:00:00-04:00  174.240005  176.820007  173.350006  176.649994   79763700        0.0           0.0

[10815 rows x 7 columns]
[2023-11-05 03:24:55] [INFO] Return History Table View Model Header. 
[2023-11-05 03:24:55] [INFO] Return History Table View Model. 
[2023-11-05 03:25:09] [INFO] Get Symbol Name: AAPL
[2023-11-05 03:25:09] [INFO] Return History Setting. 
[2023-11-05 03:25:09] [INFO] YF.History Loading
[2023-11-05 03:25:10] [INFO] Set Symbol History:                                  Open        High         Low       Close    Volume  Dividends  Stock Splits
Date                                                                                                        
2023-10-02 00:00:00-04:00  171.220001  174.300003  170.929993  173.750000  52164500        0.0           0.0
2023-10-03 00:00:00-04:00  172.259995  173.630005  170.820007  172.399994  49594600        0.0           0.0
2023-10-04 00:00:00-04:00  171.089996  174.210007  170.970001  173.660004  53020300        0.0           0.0
2023-10-05 00:00:00-04:00  173.789993  175.449997  172.679993  174.910004  48527900        0.0           0.0
2023-10-06 00:00:00-04:00  173.800003  177.990005  173.179993  177.490005  57224100        0.0           0.0
2023-10-09 00:00:00-04:00  176.809998  179.050003  175.800003  178.990005  42390800        0.0           0.0
2023-10-10 00:00:00-04:00  178.100006  179.720001  177.949997  178.389999  43698000        0.0           0.0
2023-10-11 00:00:00-04:00  178.199997  179.850006  177.600006  179.800003  47551100        0.0           0.0
2023-10-12 00:00:00-04:00  180.070007  182.339996  179.039993  180.710007  56743100        0.0           0.0
2023-10-13 00:00:00-04:00  181.419998  181.929993  178.139999  178.850006  51427100        0.0           0.0
2023-10-16 00:00:00-04:00  176.750000  179.080002  176.509995  178.720001  52517000        0.0           0.0
2023-10-17 00:00:00-04:00  176.649994  178.419998  174.800003  177.149994  57549400        0.0           0.0
2023-10-18 00:00:00-04:00  175.580002  177.580002  175.110001  175.839996  54764400        0.0           0.0
2023-10-19 00:00:00-04:00  176.039993  177.839996  175.190002  175.460007  59302900        0.0           0.0
2023-10-20 00:00:00-04:00  175.309998  175.419998  172.639999  172.880005  64189300        0.0           0.0
2023-10-23 00:00:00-04:00  170.910004  174.009995  169.929993  173.000000  55980100        0.0           0.0
2023-10-24 00:00:00-04:00  173.050003  173.669998  171.449997  173.440002  43816600        0.0           0.0
2023-10-25 00:00:00-04:00  171.880005  173.059998  170.649994  171.100006  57157000        0.0           0.0
2023-10-26 00:00:00-04:00  170.369995  171.380005  165.669998  166.889999  70625300        0.0           0.0
2023-10-27 00:00:00-04:00  166.910004  168.960007  166.830002  168.220001  58499100        0.0           0.0
2023-10-30 00:00:00-04:00  169.020004  171.169998  168.869995  170.289993  51131000        0.0           0.0
2023-10-31 00:00:00-04:00  169.350006  170.899994  167.899994  170.770004  44846000        0.0           0.0
2023-11-01 00:00:00-04:00  171.000000  174.229996  170.119995  173.970001  56934900        0.0           0.0
2023-11-02 00:00:00-04:00  175.520004  177.779999  175.460007  177.570007  77334800        0.0           0.0
2023-11-03 00:00:00-04:00  174.240005  176.820007  173.350006  176.649994  79763700        0.0           0.0
[2023-11-05 03:25:10] [INFO] Get Symbol History:                                  Open        High         Low       Close    Volume  Dividends  Stock Splits
Date                                                                                                        
2023-10-02 00:00:00-04:00  171.220001  174.300003  170.929993  173.750000  52164500        0.0           0.0
2023-10-03 00:00:00-04:00  172.259995  173.630005  170.820007  172.399994  49594600        0.0           0.0
2023-10-04 00:00:00-04:00  171.089996  174.210007  170.970001  173.660004  53020300        0.0           0.0
2023-10-05 00:00:00-04:00  173.789993  175.449997  172.679993  174.910004  48527900        0.0           0.0
2023-10-06 00:00:00-04:00  173.800003  177.990005  173.179993  177.490005  57224100        0.0           0.0
2023-10-09 00:00:00-04:00  176.809998  179.050003  175.800003  178.990005  42390800        0.0           0.0
2023-10-10 00:00:00-04:00  178.100006  179.720001  177.949997  178.389999  43698000        0.0           0.0
2023-10-11 00:00:00-04:00  178.199997  179.850006  177.600006  179.800003  47551100        0.0           0.0
2023-10-12 00:00:00-04:00  180.070007  182.339996  179.039993  180.710007  56743100        0.0           0.0
2023-10-13 00:00:00-04:00  181.419998  181.929993  178.139999  178.850006  51427100        0.0           0.0
2023-10-16 00:00:00-04:00  176.750000  179.080002  176.509995  178.720001  52517000        0.0           0.0
2023-10-17 00:00:00-04:00  176.649994  178.419998  174.800003  177.149994  57549400        0.0           0.0
2023-10-18 00:00:00-04:00  175.580002  177.580002  175.110001  175.839996  54764400        0.0           0.0
2023-10-19 00:00:00-04:00  176.039993  177.839996  175.190002  175.460007  59302900        0.0           0.0
2023-10-20 00:00:00-04:00  175.309998  175.419998  172.639999  172.880005  64189300        0.0           0.0
2023-10-23 00:00:00-04:00  170.910004  174.009995  169.929993  173.000000  55980100        0.0           0.0
2023-10-24 00:00:00-04:00  173.050003  173.669998  171.449997  173.440002  43816600        0.0           0.0
2023-10-25 00:00:00-04:00  171.880005  173.059998  170.649994  171.100006  57157000        0.0           0.0
2023-10-26 00:00:00-04:00  170.369995  171.380005  165.669998  166.889999  70625300        0.0           0.0
2023-10-27 00:00:00-04:00  166.910004  168.960007  166.830002  168.220001  58499100        0.0           0.0
2023-10-30 00:00:00-04:00  169.020004  171.169998  168.869995  170.289993  51131000        0.0           0.0
2023-10-31 00:00:00-04:00  169.350006  170.899994  167.899994  170.770004  44846000        0.0           0.0
2023-11-01 00:00:00-04:00  171.000000  174.229996  170.119995  173.970001  56934900        0.0           0.0
2023-11-02 00:00:00-04:00  175.520004  177.779999  175.460007  177.570007  77334800        0.0           0.0
2023-11-03 00:00:00-04:00  174.240005  176.820007  173.350006  176.649994  79763700        0.0           0.0
[2023-11-05 03:25:10] [INFO] Return History Table View Model Header. 
[2023-11-05 03:25:10] [INFO] Return History Table View Model. 
[2023-11-05 03:25:32] [INFO] Get Symbol Name: AAPL
[2023-11-05 03:25:32] [INFO] Return History Setting. 
[2023-11-05 03:25:32] [INFO] YF.History Loading
[2023-11-05 03:25:32] [INFO] Set Symbol History:                                  Open        High         Low       Close    Volume  Dividends  Stock Splits
Datetime                                                                                                    
2023-09-06 09:30:00-04:00  188.399994  188.850006  186.500000  186.539993   9823852        0.0           0.0
2023-09-06 10:00:00-04:00  186.529999  186.529999  183.929993  184.169998  11337915        0.0           0.0
2023-09-06 10:30:00-04:00  184.149994  184.649994  183.960007  184.018799   5035557        0.0           0.0
2023-09-06 11:00:00-04:00  184.020004  184.089996  183.529999  184.020004   4755891        0.0           0.0
2023-09-06 11:30:00-04:00  184.029999  184.309998  183.945007  184.149994   3144885        0.0           0.0
...                               ...         ...         ...         ...       ...        ...           ...
2023-11-03 13:30:00-04:00  175.761703  175.889999  175.179993  175.559998   3235000        0.0           0.0
2023-11-03 14:00:00-04:00  175.559998  175.830002  175.070007  175.789902   2788082        0.0           0.0
2023-11-03 14:30:00-04:00  175.779999  176.240005  175.679993  176.110001   2984482        0.0           0.0
2023-11-03 15:00:00-04:00  176.110001  176.467499  175.850006  176.040100   3476974        0.0           0.0
2023-11-03 15:30:00-04:00  176.039993  176.820007  175.949997  176.630005   7080006        0.0           0.0

[559 rows x 7 columns]
[2023-11-05 03:25:32] [INFO] Get Symbol History:                                  Open        High         Low       Close    Volume  Dividends  Stock Splits
Datetime                                                                                                    
2023-09-06 09:30:00-04:00  188.399994  188.850006  186.500000  186.539993   9823852        0.0           0.0
2023-09-06 10:00:00-04:00  186.529999  186.529999  183.929993  184.169998  11337915        0.0           0.0
2023-09-06 10:30:00-04:00  184.149994  184.649994  183.960007  184.018799   5035557        0.0           0.0
2023-09-06 11:00:00-04:00  184.020004  184.089996  183.529999  184.020004   4755891        0.0           0.0
2023-09-06 11:30:00-04:00  184.029999  184.309998  183.945007  184.149994   3144885        0.0           0.0
...                               ...         ...         ...         ...       ...        ...           ...
2023-11-03 13:30:00-04:00  175.761703  175.889999  175.179993  175.559998   3235000        0.0           0.0
2023-11-03 14:00:00-04:00  175.559998  175.830002  175.070007  175.789902   2788082        0.0           0.0
2023-11-03 14:30:00-04:00  175.779999  176.240005  175.679993  176.110001   2984482        0.0           0.0
2023-11-03 15:00:00-04:00  176.110001  176.467499  175.850006  176.040100   3476974        0.0           0.0
2023-11-03 15:30:00-04:00  176.039993  176.820007  175.949997  176.630005   7080006        0.0           0.0

[559 rows x 7 columns]
[2023-11-05 03:25:32] [INFO] Return History Table View Model Header. 
[2023-11-05 03:25:32] [INFO] Return History Table View Model. 
